<?xml version="1.0" encoding="UTF-8"?>
<!-- Generated by org.testng.reporters.JUnitReportReporter -->
<testsuite skipped="0" hostname="DESKTOP-VVR9UHT" name="dockers.FireFoxTest" tests="1" failures="0" timestamp="22 Apr 2020 15:37:06 GMT" time="45.093" errors="0">
  <testcase name="test1" time="45.093" classname="dockers.FireFoxTest"/>
</testsuite> <!-- dockers.FireFoxTest -->
