<?xml version="1.0" encoding="UTF-8"?>
<!-- Generated by org.testng.reporters.JUnitReportReporter -->
<testsuite skipped="0" hostname="DESKTOP-VVR9UHT" name="dockers.ChromeTest3" tests="1" failures="0" timestamp="22 Apr 2020 14:56:51 GMT" time="27.748" errors="0">
  <testcase name="test1" time="27.748" classname="dockers.ChromeTest3"/>
</testsuite> <!-- dockers.ChromeTest3 -->
