<?xml version="1.0" encoding="UTF-8"?>
<!-- Generated by org.testng.reporters.JUnitReportReporter -->
<testsuite skipped="0" hostname="DESKTOP-VVR9UHT" name="dockers.ChromeTest" tests="1" failures="0" timestamp="22 Apr 2020 15:37:06 GMT" time="9.012" errors="0">
  <testcase name="test1" time="9.012" classname="dockers.ChromeTest"/>
</testsuite> <!-- dockers.ChromeTest -->
