<?xml version="1.0" encoding="UTF-8"?>
<!-- Generated by org.testng.reporters.JUnitReportReporter -->
<testsuite skipped="0" hostname="DESKTOP-VVR9UHT" name="dockers.ChromeTest2" tests="1" failures="0" timestamp="22 Apr 2020 14:56:51 GMT" time="28.196" errors="0">
  <testcase name="test" time="28.196" classname="dockers.ChromeTest2"/>
</testsuite> <!-- dockers.ChromeTest2 -->
